# JRE version: Java(TM) SE Runtime Environment (17.0.12+8) (build 17.0.12+8-LTS-286)
# Java VM: Java HotSpot(TM) 64-Bit Server VM (17.0.12+8-LTS-286, mixed mode, emulated-client, sharing, tiered, compressed oops, compressed class ptrs, g1 gc, windows-amd64)
GC Precious Log:
 CPUs: 8 total, 8 available
 Memory: 12193M
 Large Page Support: Disabled
 NUMA Support: Disabled
 Compressed Oops: Enabled (Zero based)
 Heap Region Size: 2M
 Heap Min Capacity: 8M
 Heap Initial Capacity: 192M
 Heap Max Capacity: 3050M
 Pre-touch: Disabled
 Parallel Workers: 8
 Concurrent Workers: 2
 Concurrent Refinement Workers: 8
 Periodic GC: Disabled
Heap:
 garbage-first heap   total 61440K, used 28376K [0x0000000741600000, 0x0000000800000000)
  region size 2048K, 2 young (4096K), 1 survivors (2048K)
 Metaspace       used 62335K, committed 63168K, reserved 1114112K
  class space    used 9071K, committed 9408K, reserved 1048576K
GC Heap History (20 events):
Event: 15.405 GC heap before
{Heap before GC invocations=10 (full 0):
 garbage-first heap   total 61440K, used 22569K [0x0000000741600000, 0x0000000800000000)
  region size 2048K, 3 young (6144K), 2 survivors (4096K)
 Metaspace       used 40400K, committed 40832K, reserved 1114112K
  class space    used 5699K, committed 5888K, reserved 1048576K
}
Event: 15.411 GC heap after
{Heap after GC invocations=11 (full 0):
 garbage-first heap   total 61440K, used 20708K [0x0000000741600000, 0x0000000800000000)
  region size 2048K, 1 young (2048K), 1 survivors (2048K)
 Metaspace       used 40400K, committed 40832K, reserved 1114112K
  class space    used 5699K, committed 5888K, reserved 1048576K
}
Event: 16.610 GC heap before
{Heap before GC invocations=11 (full 0):
 garbage-first heap   total 61440K, used 45284K [0x0000000741600000, 0x0000000800000000)
  region size 2048K, 13 young (26624K), 1 survivors (2048K)
 Metaspace       used 46535K, committed 47040K, reserved 1114112K
  class space    used 6748K, committed 6976K, reserved 1048576K
}
Event: 16.612 GC heap after
{Heap after GC invocations=12 (full 0):
 garbage-first heap   total 61440K, used 21202K [0x0000000741600000, 0x0000000800000000)
  region size 2048K, 1 young (2048K), 1 survivors (2048K)
 Metaspace       used 46535K, committed 47040K, reserved 1114112K
  class space    used 6748K, committed 6976K, reserved 1048576K
}
Event: 18.900 GC heap before
{Heap before GC invocations=12 (full 0):
 garbage-first heap   total 61440K, used 45778K [0x0000000741600000, 0x0000000800000000)
  region size 2048K, 13 young (26624K), 1 survivors (2048K)
 Metaspace       used 50104K, committed 50688K, reserved 1114112K
  class space    used 7303K, committed 7552K, reserved 1048576K
}
Event: 18.903 GC heap after
{Heap after GC invocations=13 (full 0):
 garbage-first heap   total 61440K, used 22122K [0x0000000741600000, 0x0000000800000000)
  region size 2048K, 1 young (2048K), 1 survivors (2048K)
 Metaspace       used 50104K, committed 50688K, reserved 1114112K
  class space    used 7303K, committed 7552K, reserved 1048576K
}
Event: 20.303 GC heap before
{Heap before GC invocations=13 (full 0):
 garbage-first heap   total 61440K, used 48746K [0x0000000741600000, 0x0000000800000000)
  region size 2048K, 14 young (28672K), 1 survivors (2048K)
 Metaspace       used 53969K, committed 54528K, reserved 1114112K
  class space    used 7830K, committed 8064K, reserved 1048576K
}
Event: 20.310 GC heap after
{Heap after GC invocations=14 (full 0):
 garbage-first heap   total 61440K, used 24382K [0x0000000741600000, 0x0000000800000000)
  region size 2048K, 2 young (4096K), 2 survivors (4096K)
 Metaspace       used 53969K, committed 54528K, reserved 1114112K
  class space    used 7830K, committed 8064K, reserved 1048576K
}
Event: 21.455 GC heap before
{Heap before GC invocations=14 (full 0):
 garbage-first heap   total 61440K, used 48958K [0x0000000741600000, 0x0000000800000000)
  region size 2048K, 14 young (28672K), 2 survivors (4096K)
 Metaspace       used 56399K, committed 56960K, reserved 1114112K
  class space    used 8174K, committed 8448K, reserved 1048576K
}
Event: 21.462 GC heap after
{Heap after GC invocations=15 (full 0):
 garbage-first heap   total 61440K, used 27012K [0x0000000741600000, 0x0000000800000000)
  region size 2048K, 2 young (4096K), 2 survivors (4096K)
 Metaspace       used 56399K, committed 56960K, reserved 1114112K
  class space    used 8174K, committed 8448K, reserved 1048576K
}
Event: 34.040 GC heap before
{Heap before GC invocations=15 (full 0):
 garbage-first heap   total 61440K, used 41348K [0x0000000741600000, 0x0000000800000000)
  region size 2048K, 10 young (20480K), 2 survivors (4096K)
 Metaspace       used 59529K, committed 60096K, reserved 1114112K
  class space    used 8572K, committed 8832K, reserved 1048576K
}
Event: 34.050 GC heap after
{Heap after GC invocations=16 (full 0):
 garbage-first heap   total 61440K, used 28601K [0x0000000741600000, 0x0000000800000000)
  region size 2048K, 1 young (2048K), 1 survivors (2048K)
 Metaspace       used 59529K, committed 60096K, reserved 1114112K
  class space    used 8572K, committed 8832K, reserved 1048576K
}
Event: 1504.783 GC heap before
{Heap before GC invocations=17 (full 0):
 garbage-first heap   total 61440K, used 47033K [0x0000000741600000, 0x0000000800000000)
  region size 2048K, 10 young (20480K), 1 survivors (2048K)
 Metaspace       used 62524K, committed 63168K, reserved 1114112K
  class space    used 9112K, committed 9408K, reserved 1048576K
}
Event: 1504.787 GC heap after
{Heap after GC invocations=18 (full 0):
 garbage-first heap   total 61440K, used 29201K [0x0000000741600000, 0x0000000800000000)
  region size 2048K, 2 young (4096K), 2 survivors (4096K)
 Metaspace       used 62524K, committed 63168K, reserved 1114112K
  class space    used 9112K, committed 9408K, reserved 1048576K
}
Event: 4853.783 GC heap before
{Heap before GC invocations=19 (full 0):
 garbage-first heap   total 61440K, used 43537K [0x0000000741600000, 0x0000000800000000)
  region size 2048K, 10 young (20480K), 2 survivors (4096K)
 Metaspace       used 62278K, committed 63168K, reserved 1114112K
  class space    used 9056K, committed 9408K, reserved 1048576K
}
Event: 4853.980 GC heap after
{Heap after GC invocations=20 (full 0):
 garbage-first heap   total 61440K, used 29734K [0x0000000741600000, 0x0000000800000000)
  region size 2048K, 1 young (2048K), 1 survivors (2048K)
 Metaspace       used 62278K, committed 63168K, reserved 1114112K
  class space    used 9056K, committed 9408K, reserved 1048576K
}
Event: 5331.078 GC heap before
{Heap before GC invocations=20 (full 0):
 garbage-first heap   total 61440K, used 31782K [0x0000000741600000, 0x0000000800000000)
  region size 2048K, 2 young (4096K), 1 survivors (2048K)
 Metaspace       used 62280K, committed 63168K, reserved 1114112K
  class space    used 9057K, committed 9408K, reserved 1048576K
}
Event: 5331.169 GC heap after
{Heap after GC invocations=21 (full 0):
 garbage-first heap   total 61440K, used 28298K [0x0000000741600000, 0x0000000800000000)
  region size 2048K, 1 young (2048K), 1 survivors (2048K)
 Metaspace       used 62280K, committed 63168K, reserved 1114112K
  class space    used 9057K, committed 9408K, reserved 1048576K
}
Event: 9319.085 GC heap before
{Heap before GC invocations=21 (full 0):
 garbage-first heap   total 61440K, used 44682K [0x0000000741600000, 0x0000000800000000)
  region size 2048K, 10 young (20480K), 1 survivors (2048K)
 Metaspace       used 62335K, committed 63168K, reserved 1114112K
  class space    used 9071K, committed 9408K, reserved 1048576K
}
Event: 9319.137 GC heap after
{Heap after GC invocations=22 (full 0):
 garbage-first heap   total 61440K, used 28376K [0x0000000741600000, 0x0000000800000000)
  region size 2048K, 1 young (2048K), 1 survivors (2048K)
 Metaspace       used 62335K, committed 63168K, reserved 1114112K
  class space    used 9071K, committed 9408K, reserved 1048576K
}

